Build started 11/28/2020 9:41:10 AM.
     1>Project "C:\Users\Nihar\Documents\Visual Studio 2010\Projects\204101052_vowelRecognition\204101052_vowelRecognition\204101052_vowelRecognition.vcxproj" on node 2 (build target(s)).
     1>InitializeBuildStatus:
         Creating "Debug\204101052_vowelRecognition.unsuccessfulbuild" because "AlwaysCreate" was specified.
       ClCompile:
         All outputs are up-to-date.
         C:\Program Files (x86)\Microsoft Visual Studio 10.0\VC\bin\CL.exe /c /ZI /nologo /W3 /WX- /Od /Oy- /D WIN32 /D _DEBUG /D _CONSOLE /D _UNICODE /D UNICODE /Gm /EHsc /RTC1 /MDd /GS /fp:precise /Zc:wchar_t /Zc:forScope /Yu"StdAfx.h" /Fp"Debug\204101052_vowelRecognition.pch" /Fo"Debug\\" /Fd"Debug\vc100.pdb" /Gd /TP /analyze- /errorReport:prompt 204101052_vowelRecognition.cpp
         204101052_vowelRecognition.cpp
       ManifestResourceCompile:
         All outputs are up-to-date.
       Link:
         C:\Program Files (x86)\Microsoft Visual Studio 10.0\VC\bin\link.exe /ERRORREPORT:PROMPT /OUT:"C:\Users\Nihar\Documents\Visual Studio 2010\Projects\204101052_vowelRecognition\Debug\204101052_vowelRecognition.exe" /INCREMENTAL /NOLOGO kernel32.lib user32.lib gdi32.lib winspool.lib comdlg32.lib advapi32.lib shell32.lib ole32.lib oleaut32.lib uuid.lib odbc32.lib odbccp32.lib /MANIFEST /ManifestFile:"Debug\204101052_vowelRecognition.exe.intermediate.manifest" /MANIFESTUAC:"level='asInvoker' uiAccess='false'" /DEBUG /PDB:"C:\Users\Nihar\Documents\Visual Studio 2010\Projects\204101052_vowelRecognition\Debug\204101052_vowelRecognition.pdb" /SUBSYSTEM:CONSOLE /TLBID:1 /DYNAMICBASE /NXCOMPAT /IMPLIB:"C:\Users\Nihar\Documents\Visual Studio 2010\Projects\204101052_vowelRecognition\Debug\204101052_vowelRecognition.lib" /MACHINE:X86 Debug\204101052_vowelRecognition.exe.embed.manifest.res
         Debug\204101052_vowelRecognition.obj
         Debug\stdafx.obj
       Manifest:
         C:\Program Files (x86)\Microsoft SDKs\Windows\v7.0A\bin\mt.exe /nologo /verbose /out:"Debug\204101052_vowelRecognition.exe.embed.manifest" /manifest Debug\204101052_vowelRecognition.exe.intermediate.manifest
         All outputs are up-to-date.
       LinkEmbedManifest:
         All outputs are up-to-date.
         204101052_vowelRecognition.vcxproj -> C:\Users\Nihar\Documents\Visual Studio 2010\Projects\204101052_vowelRecognition\Debug\204101052_vowelRecognition.exe
       FinalizeBuildStatus:
         Deleting file "Debug\204101052_vowelRecognition.unsuccessfulbuild".
         Touching "Debug\204101052_vowelRecognition.lastbuildstate".
     1>Done Building Project "C:\Users\Nihar\Documents\Visual Studio 2010\Projects\204101052_vowelRecognition\204101052_vowelRecognition\204101052_vowelRecognition.vcxproj" (build target(s)).

Build succeeded.

Time Elapsed 00:00:06.90
